c:\users\jjlee\desktop\darksiders_genesis\engine\default\x64\release\vc143.pdb
c:\users\jjlee\desktop\darksiders_genesis\engine\default\x64\release\level.obj
c:\users\jjlee\desktop\darksiders_genesis\engine\default\x64\release\layer.obj
c:\users\jjlee\desktop\darksiders_genesis\engine\default\x64\release\input_device.obj
c:\users\jjlee\desktop\darksiders_genesis\engine\default\x64\release\hierarchynode.obj
c:\users\jjlee\desktop\darksiders_genesis\engine\default\x64\release\graphic_device.obj
c:\users\jjlee\desktop\darksiders_genesis\engine\default\x64\release\gameobject.obj
c:\users\jjlee\desktop\darksiders_genesis\engine\default\x64\release\gameinstance.obj
c:\users\jjlee\desktop\darksiders_genesis\engine\default\x64\release\frustum.obj
c:\users\jjlee\desktop\darksiders_genesis\engine\default\x64\release\easinglerp.obj
c:\users\jjlee\desktop\darksiders_genesis\engine\default\x64\release\dxstring.obj
c:\users\jjlee\desktop\darksiders_genesis\engine\default\x64\release\debugdraw.obj
c:\users\jjlee\desktop\darksiders_genesis\engine\default\x64\release\component_manager.obj
c:\users\jjlee\desktop\darksiders_genesis\engine\default\x64\release\component.obj
c:\users\jjlee\desktop\darksiders_genesis\engine\default\x64\release\collider_manager.obj
c:\users\jjlee\desktop\darksiders_genesis\engine\default\x64\release\collider.obj
c:\users\jjlee\desktop\darksiders_genesis\engine\default\x64\release\channel.obj
c:\users\jjlee\desktop\darksiders_genesis\engine\default\x64\release\cell.obj
c:\users\jjlee\desktop\darksiders_genesis\engine\default\x64\release\camera.obj
c:\users\jjlee\desktop\darksiders_genesis\engine\default\x64\release\base.obj
c:\users\jjlee\desktop\darksiders_genesis\engine\default\x64\release\animation.obj
c:\users\jjlee\desktop\darksiders_genesis\engine\default\x64\release\transform.obj
c:\users\jjlee\desktop\darksiders_genesis\engine\default\x64\release\timer_manager.obj
c:\users\jjlee\desktop\darksiders_genesis\engine\default\x64\release\timer.obj
c:\users\jjlee\desktop\darksiders_genesis\engine\default\x64\release\texture.obj
c:\users\jjlee\desktop\darksiders_genesis\engine\default\x64\release\target_manager.obj
c:\users\jjlee\desktop\darksiders_genesis\engine\default\x64\release\statemachine.obj
c:\users\jjlee\desktop\darksiders_genesis\engine\default\x64\release\state.obj
c:\users\jjlee\desktop\darksiders_genesis\engine\default\x64\release\rendertarget.obj
c:\users\jjlee\desktop\darksiders_genesis\engine\default\x64\release\rendererstates.obj
c:\users\jjlee\desktop\darksiders_genesis\engine\default\x64\release\renderer.obj
c:\users\jjlee\desktop\darksiders_genesis\engine\default\x64\release\pipeline.obj
c:\users\jjlee\desktop\darksiders_genesis\engine\default\x64\release\picking.obj
c:\users\jjlee\desktop\darksiders_genesis\engine\default\x64\release\object_manager.obj
c:\users\jjlee\desktop\darksiders_genesis\engine\default\x64\release\navigation.obj
c:\users\jjlee\desktop\darksiders_genesis\engine\default\x64\release\model.obj
c:\users\jjlee\desktop\darksiders_genesis\engine\default\x64\release\meshcontainer.obj
c:\users\jjlee\desktop\darksiders_genesis\engine\default\x64\release\mathhelpher.obj
c:\users\jjlee\desktop\darksiders_genesis\engine\default\x64\release\light_manager.obj
c:\users\jjlee\desktop\darksiders_genesis\engine\default\x64\release\light.obj
c:\users\jjlee\desktop\darksiders_genesis\engine\default\x64\release\level_manager.obj
c:\users\jjlee\desktop\darksiders_genesis\engine\default\x64\release\vibuffer_trail.obj
c:\users\jjlee\desktop\darksiders_genesis\engine\default\x64\release\vibuffer_terrain.obj
c:\users\jjlee\desktop\darksiders_genesis\engine\default\x64\release\vibuffer_sphere.obj
c:\users\jjlee\desktop\darksiders_genesis\engine\default\x64\release\vibuffer_rectinstance.obj
c:\users\jjlee\desktop\darksiders_genesis\engine\default\x64\release\vibuffer_rect.obj
c:\users\jjlee\desktop\darksiders_genesis\engine\default\x64\release\vibuffer_pointinstance.obj
c:\users\jjlee\desktop\darksiders_genesis\engine\default\x64\release\vibuffer_monsterhp_pointgs.obj
c:\users\jjlee\desktop\darksiders_genesis\engine\default\x64\release\vibuffer_line.obj
c:\users\jjlee\desktop\darksiders_genesis\engine\default\x64\release\vibuffer_instance.obj
c:\users\jjlee\desktop\darksiders_genesis\engine\default\x64\release\vibuffer_cube.obj
c:\users\jjlee\desktop\darksiders_genesis\engine\default\x64\release\vibuffer.obj
c:\users\jjlee\desktop\darksiders_genesis\engine\bin\engine.lib
c:\users\jjlee\desktop\darksiders_genesis\engine\bin\engine.exp
c:\users\jjlee\desktop\darksiders_genesis\engine\bin\shader_effect_particle.cso
c:\users\jjlee\desktop\darksiders_genesis\engine\bin\lighthelper.cso
c:\users\jjlee\desktop\darksiders_genesis\engine\bin\shader_deferred.cso
c:\users\jjlee\desktop\darksiders_genesis\engine\bin\shader_defines.cso
c:\users\jjlee\desktop\darksiders_genesis\engine\bin\shader_line.cso
c:\users\jjlee\desktop\darksiders_genesis\engine\bin\engine.dll
c:\users\jjlee\desktop\darksiders_genesis\engine\default\x64\release\engine.ipdb
c:\users\jjlee\desktop\darksiders_genesis\engine\bin\engine.pdb
c:\users\jjlee\desktop\darksiders_genesis\engine\default\x64\release\engine.iobj
c:\users\jjlee\desktop\darksiders_genesis\engine\default\x64\release\engine.tlog\cl.command.1.tlog
c:\users\jjlee\desktop\darksiders_genesis\engine\default\x64\release\engine.tlog\cl.read.1.tlog
c:\users\jjlee\desktop\darksiders_genesis\engine\default\x64\release\engine.tlog\cl.write.1.tlog
c:\users\jjlee\desktop\darksiders_genesis\engine\default\x64\release\engine.tlog\engine.write.1u.tlog
c:\users\jjlee\desktop\darksiders_genesis\engine\default\x64\release\engine.tlog\fxc.command.1.tlog
c:\users\jjlee\desktop\darksiders_genesis\engine\default\x64\release\engine.tlog\fxc.read.1.tlog
c:\users\jjlee\desktop\darksiders_genesis\engine\default\x64\release\engine.tlog\fxc.write.1.tlog
c:\users\jjlee\desktop\darksiders_genesis\engine\default\x64\release\engine.tlog\link.command.1.tlog
c:\users\jjlee\desktop\darksiders_genesis\engine\default\x64\release\engine.tlog\link.read.1.tlog
c:\users\jjlee\desktop\darksiders_genesis\engine\default\x64\release\engine.tlog\link.write.1.tlog
